<?xml version="1.0" encoding="UTF-8"?>
<!-- Generated by org.testng.reporters.JUnitXMLReporter -->
<testsuite ignored="0" hostname="DESKTOP-963HD3G" failures="3" tests="5" name="Login Tests" time="28.552" errors="0" timestamp="2025-04-02T18:59:13 IST">
  <testcase classname="Test.loginPageTest" name="loginWithValidCredentialsTest" time="2.693"/>
  <testcase classname="Test.loginPageTest" name="loginWithInvalidCredentialsTest" time="1.061">
    <failure type="java.lang.IllegalStateException" message="Cannot get a STRING value from a NUMERIC cell">
      <![CDATA[java.lang.IllegalStateException: Cannot get a STRING value from a NUMERIC cell
at org.apache.poi.xssf.usermodel.XSSFCell.typeMismatch(XSSFCell.java:987)
at org.apache.poi.xssf.usermodel.XSSFCell.getRichStringCellValue(XSSFCell.java:336)
at org.apache.poi.xssf.usermodel.XSSFCell.getStringCellValue(XSSFCell.java:280)
at Utility.parameterization.getData(parameterization.java:15)
at Test.loginPageTest.loginWithInvalidCredentialsTest(loginPageTest.java:54)
at java.base/java.util.ArrayList.forEach(ArrayList.java:1511)
... Removed 27 stack frames]]>
    </failure>
  </testcase> <!-- loginWithInvalidCredentialsTest -->
  <testcase classname="Test.loginPageTest" name="loginWithEmptyCredentialsTest" time="1.501"/>
  <testcase classname="Test.loginPageTest" name="loginWithInvalidUserEmailAndvalidPasswordTest" time="1.07">
    <failure type="java.lang.NullPointerException" message="Cannot invoke &amp;quot;org.apache.poi.ss.usermodel.Row.getCell(int)&amp;quot; because the return value of &amp;quot;org.apache.poi.ss.usermodel.Sheet.getRow(int)&amp;quot; is null">
      <![CDATA[java.lang.NullPointerException: Cannot invoke "org.apache.poi.ss.usermodel.Row.getCell(int)" because the return value of "org.apache.poi.ss.usermodel.Sheet.getRow(int)" is null
at Utility.parameterization.getData(parameterization.java:15)
at Test.loginPageTest.loginWithInvalidUserEmailAndvalidPasswordTest(loginPageTest.java:125)
at java.base/java.util.ArrayList.forEach(ArrayList.java:1511)
... Removed 27 stack frames]]>
    </failure>
  </testcase> <!-- loginWithInvalidUserEmailAndvalidPasswordTest -->
  <testcase classname="Test.loginPageTest" name="loginWithValidUserEmailAndInvalidPasswordTest" time="1.114">
    <failure type="java.lang.ArrayIndexOutOfBoundsException" message="Index 1 out of bounds for length 1">
      <![CDATA[java.lang.ArrayIndexOutOfBoundsException: Index 1 out of bounds for length 1
at Test.loginPageTest.loginWithValidUserEmailAndInvalidPasswordTest(loginPageTest.java:106)
at java.base/java.util.ArrayList.forEach(ArrayList.java:1511)
... Removed 27 stack frames]]>
    </failure>
  </testcase> <!-- loginWithValidUserEmailAndInvalidPasswordTest -->
</testsuite> <!-- Login Tests -->
